<?xml version="1.0" encoding="UTF-8" ?>
<testsuite errors="0" failures="0" hostname="TARIK" name="net.sourceforge.cruisecontrol.sampleproject.connectfour.PlayingStandTest" skipped="0" tests="10" time="0.031" timestamp="2016-04-19T11:02:35">
  <properties>
[...]
</properties>
  <testcase classname="net.sourceforge.cruisecontrol.sampleproject.connectfour.PlayingStandTest" name="testFourConnectedHorizontally" time="0.0" />
  <testcase classname="net.sourceforge.cruisecontrol.sampleproject.connectfour.PlayingStandTest" name="testFourConnectedDiagonally" time="0.0" />
  <testcase classname="net.sourceforge.cruisecontrol.sampleproject.connectfour.PlayingStandTest" name="testFourConnected" time="0.0" />
  <testcase classname="net.sourceforge.cruisecontrol.sampleproject.connectfour.PlayingStandTest" name="testStandControlsTurns" time="0.0" />
  <testcase classname="net.sourceforge.cruisecontrol.sampleproject.connectfour.PlayingStandTest" name="testNonExistentColumn" time="0.0" />
  <testcase classname="net.sourceforge.cruisecontrol.sampleproject.connectfour.PlayingStandTest" name="testDownwardDiagonalWins" time="0.0" />
  <testcase classname="net.sourceforge.cruisecontrol.sampleproject.connectfour.PlayingStandTest" name="testWinningPlacement" time="0.0" />
  <testcase classname="net.sourceforge.cruisecontrol.sampleproject.connectfour.PlayingStandTest" name="testNoWinningPlacementBeforeGameOver" time="0.016" />
  <testcase classname="net.sourceforge.cruisecontrol.sampleproject.connectfour.PlayingStandTest" name="testFullColumn" time="0.0" />
  <testcase classname="net.sourceforge.cruisecontrol.sampleproject.connectfour.PlayingStandTest" name="testNoWinner" time="0.015" />
  <system-out><![CDATA[]]></system-out>
  <system-err><![CDATA[]]></system-err>
</testsuite>
